<?xml version="1.0" encoding="UTF-8"?>
<TestRun id="caa52a83-a724-414b-a205-c16acee31826" name="samsung@SAMSUNG-PC 2018-03-23 13:16:20" runUser="samsung-PC\samsung" xmlns="http://microsoft.com/schemas/VisualStudio/TeamTest/2010">
  <TestSettings name="Локальные" id="636dc71c-ee14-4ea2-9d7c-f8610282730e">
    <Description>Это - параметры по умолчанию для локального тестового запуска.</Description>
    <Deployment userDeploymentRoot="D:\универ\6 семестр\твоп\3 блок\3\TestResults" useDefaultDeploymentRoot="false" enabled="false" runDeploymentRoot="samsung_SAMSUNG-PC 2018-03-23 13_16_20">
      <DeploymentItem filename="D:\универ\6 семестр\твоп\3 блок\3\3\bin\Debug\3.exe" />
    </Deployment>
    <Execution>
      <TestTypeSpecific />
      <AgentRule name="Execution Agents">
      </AgentRule>
    </Execution>
  </TestSettings>
  <Times creation="2018-03-23T13:16:20.0972114+03:00" queuing="2018-03-23T13:16:20.2152181+03:00" start="2018-03-23T13:16:20.2622208+03:00" finish="2018-03-23T13:16:21.1142696+03:00" />
  <ResultSummary outcome="Completed">
    <Counters total="1" executed="1" passed="1" error="0" failed="0" timeout="0" aborted="0" inconclusive="0" passedButRunAborted="0" notRunnable="0" notExecuted="0" disconnected="0" warning="0" completed="0" inProgress="0" pending="0" />
  </ResultSummary>
  <TestDefinitions>
    <UnitTest name="TestMethod1" storage="d:\универ\6 семестр\твоп\3 блок\3\utests\bin\debug\utests.dll" id="28c1eea9-3bf7-8f9f-7a38-ae3b5ed34007">
      <Execution id="2f338780-5597-43d9-bdb1-6e9d06ef9da9" />
      <TestMethod codeBase="D:/универ/6 семестр/твоп/3 блок/3/UTests/bin/Debug/UTests.DLL" adapterTypeName="Microsoft.VisualStudio.TestTools.TestTypes.Unit.UnitTestAdapter, Microsoft.VisualStudio.QualityTools.Tips.UnitTest.Adapter, Version=10.0.0.0, Culture=neutral, PublicKeyToken=b03f5f7f11d50a3a" className="UTests.UnitTest1, UTests, Version=1.0.0.0, Culture=neutral, PublicKeyToken=null" name="TestMethod1" />
    </UnitTest>
  </TestDefinitions>
  <TestLists>
    <TestList name="Отсутствующие в списке результаты" id="8c84fa94-04c1-424b-9868-57a2d4851a1d" />
    <TestList name="Все загруженные результаты" id="19431567-8539-422a-85d7-44ee4e166bda" />
  </TestLists>
  <TestEntries>
    <TestEntry testId="28c1eea9-3bf7-8f9f-7a38-ae3b5ed34007" executionId="2f338780-5597-43d9-bdb1-6e9d06ef9da9" testListId="8c84fa94-04c1-424b-9868-57a2d4851a1d" />
  </TestEntries>
  <Results>
    <UnitTestResult executionId="2f338780-5597-43d9-bdb1-6e9d06ef9da9" testId="28c1eea9-3bf7-8f9f-7a38-ae3b5ed34007" testName="TestMethod1" computerName="SAMSUNG-PC" duration="00:00:00.0607073" startTime="2018-03-23T13:16:20.3342249+03:00" endTime="2018-03-23T13:16:21.0302648+03:00" testType="13cdc9d9-ddb5-4fa4-a97d-d965ccfc6d4b" outcome="Passed" testListId="8c84fa94-04c1-424b-9868-57a2d4851a1d" relativeResultsDirectory="2f338780-5597-43d9-bdb1-6e9d06ef9da9">
    </UnitTestResult>
  </Results>
</TestRun>