<?xml version="1.0" encoding="UTF-8"?>
<TestRun id="5ff86c84-bf8d-4896-8dc2-b12c303d8e74" name="samsung@SAMSUNG-PC 2018-03-23 13:54:29" runUser="samsung-PC\samsung" xmlns="http://microsoft.com/schemas/VisualStudio/TeamTest/2010">
  <TestSettings name="Локальные" id="636dc71c-ee14-4ea2-9d7c-f8610282730e">
    <Description>Это - параметры по умолчанию для локального тестового запуска.</Description>
    <Deployment enabled="false" runDeploymentRoot="samsung_SAMSUNG-PC 2018-03-23 13_54_29">
      <DeploymentItem filename="D:\универ\6 семестр\твоп\3 блок\3\3\bin\Debug\3.exe" />
    </Deployment>
    <Execution>
      <TestTypeSpecific />
      <AgentRule name="Execution Agents">
      </AgentRule>
    </Execution>
  </TestSettings>
  <Times creation="2018-03-23T13:54:29.9656062+03:00" queuing="2018-03-23T13:54:30.2036198+03:00" start="2018-03-23T13:54:30.2826243+03:00" finish="2018-03-23T13:54:31.2386790+03:00" />
  <ResultSummary outcome="Completed">
    <Counters total="11" executed="11" passed="11" error="0" failed="0" timeout="0" aborted="0" inconclusive="0" passedButRunAborted="0" notRunnable="0" notExecuted="0" disconnected="0" warning="0" completed="0" inProgress="0" pending="0" />
  </ResultSummary>
  <TestDefinitions>
    <UnitTest name="TestMethod4" storage="d:\универ\6 семестр\твоп\3 блок\3\utests\bin\debug\utests.dll" id="8d2fc632-eaef-cb04-69d0-9d114f7b9b09">
      <Execution id="97363111-77fd-4487-9aa7-06f2800f5f34" />
      <TestMethod codeBase="D:/универ/6 семестр/твоп/3 блок/3/UTests/bin/Debug/UTests.DLL" adapterTypeName="Microsoft.VisualStudio.TestTools.TestTypes.Unit.UnitTestAdapter, Microsoft.VisualStudio.QualityTools.Tips.UnitTest.Adapter, Version=10.0.0.0, Culture=neutral, PublicKeyToken=b03f5f7f11d50a3a" className="UTests.UnitTest1, UTests, Version=1.0.0.0, Culture=neutral, PublicKeyToken=null" name="TestMethod4" />
    </UnitTest>
    <UnitTest name="TestMethod9" storage="d:\универ\6 семестр\твоп\3 блок\3\utests\bin\debug\utests.dll" id="8fee4861-e2f4-71ab-9f08-4e7811e2c6c7">
      <Execution id="e4152eab-b3e5-4787-a2c6-40e026ea7aef" />
      <TestMethod codeBase="D:/универ/6 семестр/твоп/3 блок/3/UTests/bin/Debug/UTests.DLL" adapterTypeName="Microsoft.VisualStudio.TestTools.TestTypes.Unit.UnitTestAdapter, Microsoft.VisualStudio.QualityTools.Tips.UnitTest.Adapter, Version=10.0.0.0, Culture=neutral, PublicKeyToken=b03f5f7f11d50a3a" className="UTests.UnitTest1, UTests, Version=1.0.0.0, Culture=neutral, PublicKeyToken=null" name="TestMethod9" />
    </UnitTest>
    <UnitTest name="TestMethod2" storage="d:\универ\6 семестр\твоп\3 блок\3\utests\bin\debug\utests.dll" id="08d46847-8e69-ad66-ddb5-929578b49797">
      <Execution id="417b5798-dd2b-44fa-ab02-fcbebcdfba43" />
      <TestMethod codeBase="D:/универ/6 семестр/твоп/3 блок/3/UTests/bin/Debug/UTests.DLL" adapterTypeName="Microsoft.VisualStudio.TestTools.TestTypes.Unit.UnitTestAdapter, Microsoft.VisualStudio.QualityTools.Tips.UnitTest.Adapter, Version=10.0.0.0, Culture=neutral, PublicKeyToken=b03f5f7f11d50a3a" className="UTests.UnitTest1, UTests, Version=1.0.0.0, Culture=neutral, PublicKeyToken=null" name="TestMethod2" />
    </UnitTest>
    <UnitTest name="TestMethod5" storage="d:\универ\6 семестр\твоп\3 блок\3\utests\bin\debug\utests.dll" id="f45d2b56-5f35-a57c-657d-0217b6393cef">
      <Execution id="ac2c3843-6e09-40ad-baa0-f91c48900d3a" />
      <TestMethod codeBase="D:/универ/6 семестр/твоп/3 блок/3/UTests/bin/Debug/UTests.DLL" adapterTypeName="Microsoft.VisualStudio.TestTools.TestTypes.Unit.UnitTestAdapter, Microsoft.VisualStudio.QualityTools.Tips.UnitTest.Adapter, Version=10.0.0.0, Culture=neutral, PublicKeyToken=b03f5f7f11d50a3a" className="UTests.UnitTest1, UTests, Version=1.0.0.0, Culture=neutral, PublicKeyToken=null" name="TestMethod5" />
    </UnitTest>
    <UnitTest name="TestMethod7" storage="d:\универ\6 семестр\твоп\3 блок\3\utests\bin\debug\utests.dll" id="b0d38483-4483-bee0-1af7-2dd2c85c2026">
      <Execution id="6b667679-26ea-4397-9e8c-b46d44fa8340" />
      <TestMethod codeBase="D:/универ/6 семестр/твоп/3 блок/3/UTests/bin/Debug/UTests.DLL" adapterTypeName="Microsoft.VisualStudio.TestTools.TestTypes.Unit.UnitTestAdapter, Microsoft.VisualStudio.QualityTools.Tips.UnitTest.Adapter, Version=10.0.0.0, Culture=neutral, PublicKeyToken=b03f5f7f11d50a3a" className="UTests.UnitTest1, UTests, Version=1.0.0.0, Culture=neutral, PublicKeyToken=null" name="TestMethod7" />
    </UnitTest>
    <UnitTest name="TestMethod1" storage="d:\универ\6 семестр\твоп\3 блок\3\utests\bin\debug\utests.dll" id="28c1eea9-3bf7-8f9f-7a38-ae3b5ed34007">
      <Execution id="9d836e47-ca9a-4777-a8cb-ecf6bdeae83f" />
      <TestMethod codeBase="D:/универ/6 семестр/твоп/3 блок/3/UTests/bin/Debug/UTests.DLL" adapterTypeName="Microsoft.VisualStudio.TestTools.TestTypes.Unit.UnitTestAdapter, Microsoft.VisualStudio.QualityTools.Tips.UnitTest.Adapter, Version=10.0.0.0, Culture=neutral, PublicKeyToken=b03f5f7f11d50a3a" className="UTests.UnitTest1, UTests, Version=1.0.0.0, Culture=neutral, PublicKeyToken=null" name="TestMethod1" />
    </UnitTest>
    <UnitTest name="TestMethod11" storage="d:\универ\6 семестр\твоп\3 блок\3\utests\bin\debug\utests.dll" id="930f276b-cfb3-b77e-6d3a-63611b46dc06">
      <Execution id="af0f74c7-4c9d-4118-93d5-e2de0eaa6a70" />
      <TestMethod codeBase="D:/универ/6 семестр/твоп/3 блок/3/UTests/bin/Debug/UTests.DLL" adapterTypeName="Microsoft.VisualStudio.TestTools.TestTypes.Unit.UnitTestAdapter, Microsoft.VisualStudio.QualityTools.Tips.UnitTest.Adapter, Version=10.0.0.0, Culture=neutral, PublicKeyToken=b03f5f7f11d50a3a" className="UTests.UnitTest1, UTests, Version=1.0.0.0, Culture=neutral, PublicKeyToken=null" name="TestMethod11" />
    </UnitTest>
    <UnitTest name="TestMethod8" storage="d:\универ\6 семестр\твоп\3 блок\3\utests\bin\debug\utests.dll" id="1fee5be1-2f7c-546a-680f-d4dfa5e5d767">
      <Execution id="cd4b2bad-1364-4496-af09-81c66edd1302" />
      <TestMethod codeBase="D:/универ/6 семестр/твоп/3 блок/3/UTests/bin/Debug/UTests.DLL" adapterTypeName="Microsoft.VisualStudio.TestTools.TestTypes.Unit.UnitTestAdapter, Microsoft.VisualStudio.QualityTools.Tips.UnitTest.Adapter, Version=10.0.0.0, Culture=neutral, PublicKeyToken=b03f5f7f11d50a3a" className="UTests.UnitTest1, UTests, Version=1.0.0.0, Culture=neutral, PublicKeyToken=null" name="TestMethod8" />
    </UnitTest>
    <UnitTest name="TestMethod10" storage="d:\универ\6 семестр\твоп\3 блок\3\utests\bin\debug\utests.dll" id="af90197e-d14d-f4c5-57a7-19c23ef3a831">
      <Execution id="2b0cee07-6fd6-4e31-b70c-a8d686886827" />
      <TestMethod codeBase="D:/универ/6 семестр/твоп/3 блок/3/UTests/bin/Debug/UTests.DLL" adapterTypeName="Microsoft.VisualStudio.TestTools.TestTypes.Unit.UnitTestAdapter, Microsoft.VisualStudio.QualityTools.Tips.UnitTest.Adapter, Version=10.0.0.0, Culture=neutral, PublicKeyToken=b03f5f7f11d50a3a" className="UTests.UnitTest1, UTests, Version=1.0.0.0, Culture=neutral, PublicKeyToken=null" name="TestMethod10" />
    </UnitTest>
    <UnitTest name="TestMethod6" storage="d:\универ\6 семестр\твоп\3 блок\3\utests\bin\debug\utests.dll" id="4156c605-3ad6-cca1-6085-9da7c62bf26f">
      <Execution id="8626a074-378c-4cc3-9db7-4505f72a89a9" />
      <TestMethod codeBase="D:/универ/6 семестр/твоп/3 блок/3/UTests/bin/Debug/UTests.DLL" adapterTypeName="Microsoft.VisualStudio.TestTools.TestTypes.Unit.UnitTestAdapter, Microsoft.VisualStudio.QualityTools.Tips.UnitTest.Adapter, Version=10.0.0.0, Culture=neutral, PublicKeyToken=b03f5f7f11d50a3a" className="UTests.UnitTest1, UTests, Version=1.0.0.0, Culture=neutral, PublicKeyToken=null" name="TestMethod6" />
    </UnitTest>
    <UnitTest name="TestMethod3" storage="d:\универ\6 семестр\твоп\3 блок\3\utests\bin\debug\utests.dll" id="8e26141a-dd1d-59cc-c6a4-6771cc97c26c">
      <Execution id="67c4e403-098c-45d9-a1f0-9528b3006caa" />
      <TestMethod codeBase="D:/универ/6 семестр/твоп/3 блок/3/UTests/bin/Debug/UTests.DLL" adapterTypeName="Microsoft.VisualStudio.TestTools.TestTypes.Unit.UnitTestAdapter, Microsoft.VisualStudio.QualityTools.Tips.UnitTest.Adapter, Version=10.0.0.0, Culture=neutral, PublicKeyToken=b03f5f7f11d50a3a" className="UTests.UnitTest1, UTests, Version=1.0.0.0, Culture=neutral, PublicKeyToken=null" name="TestMethod3" />
    </UnitTest>
  </TestDefinitions>
  <TestLists>
    <TestList name="Отсутствующие в списке результаты" id="8c84fa94-04c1-424b-9868-57a2d4851a1d" />
    <TestList name="Все загруженные результаты" id="19431567-8539-422a-85d7-44ee4e166bda" />
  </TestLists>
  <TestEntries>
    <TestEntry testId="08d46847-8e69-ad66-ddb5-929578b49797" executionId="417b5798-dd2b-44fa-ab02-fcbebcdfba43" testListId="8c84fa94-04c1-424b-9868-57a2d4851a1d" />
    <TestEntry testId="1fee5be1-2f7c-546a-680f-d4dfa5e5d767" executionId="cd4b2bad-1364-4496-af09-81c66edd1302" testListId="8c84fa94-04c1-424b-9868-57a2d4851a1d" />
    <TestEntry testId="28c1eea9-3bf7-8f9f-7a38-ae3b5ed34007" executionId="9d836e47-ca9a-4777-a8cb-ecf6bdeae83f" testListId="8c84fa94-04c1-424b-9868-57a2d4851a1d" />
    <TestEntry testId="4156c605-3ad6-cca1-6085-9da7c62bf26f" executionId="8626a074-378c-4cc3-9db7-4505f72a89a9" testListId="8c84fa94-04c1-424b-9868-57a2d4851a1d" />
    <TestEntry testId="8d2fc632-eaef-cb04-69d0-9d114f7b9b09" executionId="97363111-77fd-4487-9aa7-06f2800f5f34" testListId="8c84fa94-04c1-424b-9868-57a2d4851a1d" />
    <TestEntry testId="8e26141a-dd1d-59cc-c6a4-6771cc97c26c" executionId="67c4e403-098c-45d9-a1f0-9528b3006caa" testListId="8c84fa94-04c1-424b-9868-57a2d4851a1d" />
    <TestEntry testId="8fee4861-e2f4-71ab-9f08-4e7811e2c6c7" executionId="e4152eab-b3e5-4787-a2c6-40e026ea7aef" testListId="8c84fa94-04c1-424b-9868-57a2d4851a1d" />
    <TestEntry testId="930f276b-cfb3-b77e-6d3a-63611b46dc06" executionId="af0f74c7-4c9d-4118-93d5-e2de0eaa6a70" testListId="8c84fa94-04c1-424b-9868-57a2d4851a1d" />
    <TestEntry testId="af90197e-d14d-f4c5-57a7-19c23ef3a831" executionId="2b0cee07-6fd6-4e31-b70c-a8d686886827" testListId="8c84fa94-04c1-424b-9868-57a2d4851a1d" />
    <TestEntry testId="b0d38483-4483-bee0-1af7-2dd2c85c2026" executionId="6b667679-26ea-4397-9e8c-b46d44fa8340" testListId="8c84fa94-04c1-424b-9868-57a2d4851a1d" />
    <TestEntry testId="f45d2b56-5f35-a57c-657d-0217b6393cef" executionId="ac2c3843-6e09-40ad-baa0-f91c48900d3a" testListId="8c84fa94-04c1-424b-9868-57a2d4851a1d" />
  </TestEntries>
  <Results>
    <UnitTestResult executionId="417b5798-dd2b-44fa-ab02-fcbebcdfba43" testId="08d46847-8e69-ad66-ddb5-929578b49797" testName="TestMethod2" computerName="SAMSUNG-PC" duration="00:00:00.0442149" startTime="2018-03-23T13:54:30.3436278+03:00" endTime="2018-03-23T13:54:31.0636690+03:00" testType="13cdc9d9-ddb5-4fa4-a97d-d965ccfc6d4b" outcome="Passed" testListId="8c84fa94-04c1-424b-9868-57a2d4851a1d" relativeResultsDirectory="417b5798-dd2b-44fa-ab02-fcbebcdfba43">
    </UnitTestResult>
    <UnitTestResult executionId="cd4b2bad-1364-4496-af09-81c66edd1302" testId="1fee5be1-2f7c-546a-680f-d4dfa5e5d767" testName="TestMethod8" computerName="SAMSUNG-PC" duration="00:00:00.0033066" startTime="2018-03-23T13:54:31.0716694+03:00" endTime="2018-03-23T13:54:31.0786698+03:00" testType="13cdc9d9-ddb5-4fa4-a97d-d965ccfc6d4b" outcome="Passed" testListId="8c84fa94-04c1-424b-9868-57a2d4851a1d" relativeResultsDirectory="cd4b2bad-1364-4496-af09-81c66edd1302">
    </UnitTestResult>
    <UnitTestResult executionId="9d836e47-ca9a-4777-a8cb-ecf6bdeae83f" testId="28c1eea9-3bf7-8f9f-7a38-ae3b5ed34007" testName="TestMethod1" computerName="SAMSUNG-PC" duration="00:00:00.0035959" startTime="2018-03-23T13:54:31.0836701+03:00" endTime="2018-03-23T13:54:31.0936707+03:00" testType="13cdc9d9-ddb5-4fa4-a97d-d965ccfc6d4b" outcome="Passed" testListId="8c84fa94-04c1-424b-9868-57a2d4851a1d" relativeResultsDirectory="9d836e47-ca9a-4777-a8cb-ecf6bdeae83f">
    </UnitTestResult>
    <UnitTestResult executionId="8626a074-378c-4cc3-9db7-4505f72a89a9" testId="4156c605-3ad6-cca1-6085-9da7c62bf26f" testName="TestMethod6" computerName="SAMSUNG-PC" duration="00:00:00.0034199" startTime="2018-03-23T13:54:31.0986710+03:00" endTime="2018-03-23T13:54:31.1056714+03:00" testType="13cdc9d9-ddb5-4fa4-a97d-d965ccfc6d4b" outcome="Passed" testListId="8c84fa94-04c1-424b-9868-57a2d4851a1d" relativeResultsDirectory="8626a074-378c-4cc3-9db7-4505f72a89a9">
    </UnitTestResult>
    <UnitTestResult executionId="97363111-77fd-4487-9aa7-06f2800f5f34" testId="8d2fc632-eaef-cb04-69d0-9d114f7b9b09" testName="TestMethod4" computerName="SAMSUNG-PC" duration="00:00:00.0031160" startTime="2018-03-23T13:54:31.1096716+03:00" endTime="2018-03-23T13:54:31.1186721+03:00" testType="13cdc9d9-ddb5-4fa4-a97d-d965ccfc6d4b" outcome="Passed" testListId="8c84fa94-04c1-424b-9868-57a2d4851a1d" relativeResultsDirectory="97363111-77fd-4487-9aa7-06f2800f5f34">
    </UnitTestResult>
    <UnitTestResult executionId="67c4e403-098c-45d9-a1f0-9528b3006caa" testId="8e26141a-dd1d-59cc-c6a4-6771cc97c26c" testName="TestMethod3" computerName="SAMSUNG-PC" duration="00:00:00.0031375" startTime="2018-03-23T13:54:31.1256725+03:00" endTime="2018-03-23T13:54:31.1326729+03:00" testType="13cdc9d9-ddb5-4fa4-a97d-d965ccfc6d4b" outcome="Passed" testListId="8c84fa94-04c1-424b-9868-57a2d4851a1d" relativeResultsDirectory="67c4e403-098c-45d9-a1f0-9528b3006caa">
    </UnitTestResult>
    <UnitTestResult executionId="e4152eab-b3e5-4787-a2c6-40e026ea7aef" testId="8fee4861-e2f4-71ab-9f08-4e7811e2c6c7" testName="TestMethod9" computerName="SAMSUNG-PC" duration="00:00:00.0034043" startTime="2018-03-23T13:54:31.1376732+03:00" endTime="2018-03-23T13:54:31.1466737+03:00" testType="13cdc9d9-ddb5-4fa4-a97d-d965ccfc6d4b" outcome="Passed" testListId="8c84fa94-04c1-424b-9868-57a2d4851a1d" relativeResultsDirectory="e4152eab-b3e5-4787-a2c6-40e026ea7aef">
    </UnitTestResult>
    <UnitTestResult executionId="af0f74c7-4c9d-4118-93d5-e2de0eaa6a70" testId="930f276b-cfb3-b77e-6d3a-63611b46dc06" testName="TestMethod11" computerName="SAMSUNG-PC" duration="00:00:00.0031213" startTime="2018-03-23T13:54:31.1516740+03:00" endTime="2018-03-23T13:54:31.1586744+03:00" testType="13cdc9d9-ddb5-4fa4-a97d-d965ccfc6d4b" outcome="Passed" testListId="8c84fa94-04c1-424b-9868-57a2d4851a1d" relativeResultsDirectory="af0f74c7-4c9d-4118-93d5-e2de0eaa6a70">
    </UnitTestResult>
    <UnitTestResult executionId="2b0cee07-6fd6-4e31-b70c-a8d686886827" testId="af90197e-d14d-f4c5-57a7-19c23ef3a831" testName="TestMethod10" computerName="SAMSUNG-PC" duration="00:00:00.0043519" startTime="2018-03-23T13:54:31.1626746+03:00" endTime="2018-03-23T13:54:31.1726752+03:00" testType="13cdc9d9-ddb5-4fa4-a97d-d965ccfc6d4b" outcome="Passed" testListId="8c84fa94-04c1-424b-9868-57a2d4851a1d" relativeResultsDirectory="2b0cee07-6fd6-4e31-b70c-a8d686886827">
    </UnitTestResult>
    <UnitTestResult executionId="6b667679-26ea-4397-9e8c-b46d44fa8340" testId="b0d38483-4483-bee0-1af7-2dd2c85c2026" testName="TestMethod7" computerName="SAMSUNG-PC" duration="00:00:00.0031326" startTime="2018-03-23T13:54:31.1776755+03:00" endTime="2018-03-23T13:54:31.1866760+03:00" testType="13cdc9d9-ddb5-4fa4-a97d-d965ccfc6d4b" outcome="Passed" testListId="8c84fa94-04c1-424b-9868-57a2d4851a1d" relativeResultsDirectory="6b667679-26ea-4397-9e8c-b46d44fa8340">
    </UnitTestResult>
    <UnitTestResult executionId="ac2c3843-6e09-40ad-baa0-f91c48900d3a" testId="f45d2b56-5f35-a57c-657d-0217b6393cef" testName="TestMethod5" computerName="SAMSUNG-PC" duration="00:00:00.0045845" startTime="2018-03-23T13:54:31.1916763+03:00" endTime="2018-03-23T13:54:31.2006768+03:00" testType="13cdc9d9-ddb5-4fa4-a97d-d965ccfc6d4b" outcome="Passed" testListId="8c84fa94-04c1-424b-9868-57a2d4851a1d" relativeResultsDirectory="ac2c3843-6e09-40ad-baa0-f91c48900d3a">
    </UnitTestResult>
  </Results>
</TestRun>