<?xml version="1.0" encoding="UTF-8"?>
<TestRun id="e0a30c4d-8622-4ba9-826b-7e333d022b3c" name="samsung@SAMSUNG-PC 2018-03-23 13:54:08" runUser="samsung-PC\samsung" xmlns="http://microsoft.com/schemas/VisualStudio/TeamTest/2010">
  <TestSettings name="Локальные" id="636dc71c-ee14-4ea2-9d7c-f8610282730e">
    <Description>Это - параметры по умолчанию для локального тестового запуска.</Description>
    <Deployment enabled="false" runDeploymentRoot="samsung_SAMSUNG-PC 2018-03-23 13_54_08">
      <DeploymentItem filename="D:\универ\6 семестр\твоп\3 блок\3\3\bin\Debug\3.exe" />
    </Deployment>
    <Execution>
      <TestTypeSpecific />
      <AgentRule name="Execution Agents">
      </AgentRule>
    </Execution>
  </TestSettings>
  <Times creation="2018-03-23T13:54:08.0423522+03:00" queuing="2018-03-23T13:54:08.2253627+03:00" start="2018-03-23T13:54:08.2673651+03:00" finish="2018-03-23T13:54:09.1634163+03:00" />
  <ResultSummary outcome="Failed">
    <Counters total="11" executed="11" passed="9" error="0" failed="2" timeout="0" aborted="0" inconclusive="0" passedButRunAborted="0" notRunnable="0" notExecuted="0" disconnected="0" warning="0" completed="0" inProgress="0" pending="0" />
  </ResultSummary>
  <TestDefinitions>
    <UnitTest name="TestMethod4" storage="d:\универ\6 семестр\твоп\3 блок\3\utests\bin\debug\utests.dll" id="8d2fc632-eaef-cb04-69d0-9d114f7b9b09">
      <Execution id="2310ac3e-2d7b-42e9-8b84-afc52f73dd21" />
      <TestMethod codeBase="D:/универ/6 семестр/твоп/3 блок/3/UTests/bin/Debug/UTests.DLL" adapterTypeName="Microsoft.VisualStudio.TestTools.TestTypes.Unit.UnitTestAdapter, Microsoft.VisualStudio.QualityTools.Tips.UnitTest.Adapter, Version=10.0.0.0, Culture=neutral, PublicKeyToken=b03f5f7f11d50a3a" className="UTests.UnitTest1, UTests, Version=1.0.0.0, Culture=neutral, PublicKeyToken=null" name="TestMethod4" />
    </UnitTest>
    <UnitTest name="TestMethod9" storage="d:\универ\6 семестр\твоп\3 блок\3\utests\bin\debug\utests.dll" id="8fee4861-e2f4-71ab-9f08-4e7811e2c6c7">
      <Execution id="513db99f-d5fa-4afa-a29f-424f134f6112" />
      <TestMethod codeBase="D:/универ/6 семестр/твоп/3 блок/3/UTests/bin/Debug/UTests.DLL" adapterTypeName="Microsoft.VisualStudio.TestTools.TestTypes.Unit.UnitTestAdapter, Microsoft.VisualStudio.QualityTools.Tips.UnitTest.Adapter, Version=10.0.0.0, Culture=neutral, PublicKeyToken=b03f5f7f11d50a3a" className="UTests.UnitTest1, UTests, Version=1.0.0.0, Culture=neutral, PublicKeyToken=null" name="TestMethod9" />
    </UnitTest>
    <UnitTest name="TestMethod2" storage="d:\универ\6 семестр\твоп\3 блок\3\utests\bin\debug\utests.dll" id="08d46847-8e69-ad66-ddb5-929578b49797">
      <Execution id="6e8aa34b-bb1f-47f8-bda8-82d135f3ea39" />
      <TestMethod codeBase="D:/универ/6 семестр/твоп/3 блок/3/UTests/bin/Debug/UTests.DLL" adapterTypeName="Microsoft.VisualStudio.TestTools.TestTypes.Unit.UnitTestAdapter, Microsoft.VisualStudio.QualityTools.Tips.UnitTest.Adapter, Version=10.0.0.0, Culture=neutral, PublicKeyToken=b03f5f7f11d50a3a" className="UTests.UnitTest1, UTests, Version=1.0.0.0, Culture=neutral, PublicKeyToken=null" name="TestMethod2" />
    </UnitTest>
    <UnitTest name="TestMethod5" storage="d:\универ\6 семестр\твоп\3 блок\3\utests\bin\debug\utests.dll" id="f45d2b56-5f35-a57c-657d-0217b6393cef">
      <Execution id="663ce740-e826-4a4e-8c56-0eed581f6fbd" />
      <TestMethod codeBase="D:/универ/6 семестр/твоп/3 блок/3/UTests/bin/Debug/UTests.DLL" adapterTypeName="Microsoft.VisualStudio.TestTools.TestTypes.Unit.UnitTestAdapter, Microsoft.VisualStudio.QualityTools.Tips.UnitTest.Adapter, Version=10.0.0.0, Culture=neutral, PublicKeyToken=b03f5f7f11d50a3a" className="UTests.UnitTest1, UTests, Version=1.0.0.0, Culture=neutral, PublicKeyToken=null" name="TestMethod5" />
    </UnitTest>
    <UnitTest name="TestMethod7" storage="d:\универ\6 семестр\твоп\3 блок\3\utests\bin\debug\utests.dll" id="b0d38483-4483-bee0-1af7-2dd2c85c2026">
      <Execution id="293bdc43-e35e-4931-ac0f-e3545aa1a60c" />
      <TestMethod codeBase="D:/универ/6 семестр/твоп/3 блок/3/UTests/bin/Debug/UTests.DLL" adapterTypeName="Microsoft.VisualStudio.TestTools.TestTypes.Unit.UnitTestAdapter, Microsoft.VisualStudio.QualityTools.Tips.UnitTest.Adapter, Version=10.0.0.0, Culture=neutral, PublicKeyToken=b03f5f7f11d50a3a" className="UTests.UnitTest1, UTests, Version=1.0.0.0, Culture=neutral, PublicKeyToken=null" name="TestMethod7" />
    </UnitTest>
    <UnitTest name="TestMethod1" storage="d:\универ\6 семестр\твоп\3 блок\3\utests\bin\debug\utests.dll" id="28c1eea9-3bf7-8f9f-7a38-ae3b5ed34007">
      <Execution id="42139415-fdb2-4901-80c1-323cc0a1edce" />
      <TestMethod codeBase="D:/универ/6 семестр/твоп/3 блок/3/UTests/bin/Debug/UTests.DLL" adapterTypeName="Microsoft.VisualStudio.TestTools.TestTypes.Unit.UnitTestAdapter, Microsoft.VisualStudio.QualityTools.Tips.UnitTest.Adapter, Version=10.0.0.0, Culture=neutral, PublicKeyToken=b03f5f7f11d50a3a" className="UTests.UnitTest1, UTests, Version=1.0.0.0, Culture=neutral, PublicKeyToken=null" name="TestMethod1" />
    </UnitTest>
    <UnitTest name="TestMethod11" storage="d:\универ\6 семестр\твоп\3 блок\3\utests\bin\debug\utests.dll" id="930f276b-cfb3-b77e-6d3a-63611b46dc06">
      <Execution id="08a52812-4e33-4974-a2bd-d6bd818cf59b" />
      <TestMethod codeBase="D:/универ/6 семестр/твоп/3 блок/3/UTests/bin/Debug/UTests.DLL" adapterTypeName="Microsoft.VisualStudio.TestTools.TestTypes.Unit.UnitTestAdapter, Microsoft.VisualStudio.QualityTools.Tips.UnitTest.Adapter, Version=10.0.0.0, Culture=neutral, PublicKeyToken=b03f5f7f11d50a3a" className="UTests.UnitTest1, UTests, Version=1.0.0.0, Culture=neutral, PublicKeyToken=null" name="TestMethod11" />
    </UnitTest>
    <UnitTest name="TestMethod8" storage="d:\универ\6 семестр\твоп\3 блок\3\utests\bin\debug\utests.dll" id="1fee5be1-2f7c-546a-680f-d4dfa5e5d767">
      <Execution id="0a257c2e-5c08-4879-9658-8220a4f5399a" />
      <TestMethod codeBase="D:/универ/6 семестр/твоп/3 блок/3/UTests/bin/Debug/UTests.DLL" adapterTypeName="Microsoft.VisualStudio.TestTools.TestTypes.Unit.UnitTestAdapter, Microsoft.VisualStudio.QualityTools.Tips.UnitTest.Adapter, Version=10.0.0.0, Culture=neutral, PublicKeyToken=b03f5f7f11d50a3a" className="UTests.UnitTest1, UTests, Version=1.0.0.0, Culture=neutral, PublicKeyToken=null" name="TestMethod8" />
    </UnitTest>
    <UnitTest name="TestMethod10" storage="d:\универ\6 семестр\твоп\3 блок\3\utests\bin\debug\utests.dll" id="af90197e-d14d-f4c5-57a7-19c23ef3a831">
      <Execution id="3d19a23d-7810-438a-ac0f-ee28b88371ee" />
      <TestMethod codeBase="D:/универ/6 семестр/твоп/3 блок/3/UTests/bin/Debug/UTests.DLL" adapterTypeName="Microsoft.VisualStudio.TestTools.TestTypes.Unit.UnitTestAdapter, Microsoft.VisualStudio.QualityTools.Tips.UnitTest.Adapter, Version=10.0.0.0, Culture=neutral, PublicKeyToken=b03f5f7f11d50a3a" className="UTests.UnitTest1, UTests, Version=1.0.0.0, Culture=neutral, PublicKeyToken=null" name="TestMethod10" />
    </UnitTest>
    <UnitTest name="TestMethod6" storage="d:\универ\6 семестр\твоп\3 блок\3\utests\bin\debug\utests.dll" id="4156c605-3ad6-cca1-6085-9da7c62bf26f">
      <Execution id="b630305f-9e06-4966-af58-57431f49bc3a" />
      <TestMethod codeBase="D:/универ/6 семестр/твоп/3 блок/3/UTests/bin/Debug/UTests.DLL" adapterTypeName="Microsoft.VisualStudio.TestTools.TestTypes.Unit.UnitTestAdapter, Microsoft.VisualStudio.QualityTools.Tips.UnitTest.Adapter, Version=10.0.0.0, Culture=neutral, PublicKeyToken=b03f5f7f11d50a3a" className="UTests.UnitTest1, UTests, Version=1.0.0.0, Culture=neutral, PublicKeyToken=null" name="TestMethod6" />
    </UnitTest>
    <UnitTest name="TestMethod3" storage="d:\универ\6 семестр\твоп\3 блок\3\utests\bin\debug\utests.dll" id="8e26141a-dd1d-59cc-c6a4-6771cc97c26c">
      <Execution id="cc139b4d-9773-41f5-8250-53aebd18324f" />
      <TestMethod codeBase="D:/универ/6 семестр/твоп/3 блок/3/UTests/bin/Debug/UTests.DLL" adapterTypeName="Microsoft.VisualStudio.TestTools.TestTypes.Unit.UnitTestAdapter, Microsoft.VisualStudio.QualityTools.Tips.UnitTest.Adapter, Version=10.0.0.0, Culture=neutral, PublicKeyToken=b03f5f7f11d50a3a" className="UTests.UnitTest1, UTests, Version=1.0.0.0, Culture=neutral, PublicKeyToken=null" name="TestMethod3" />
    </UnitTest>
  </TestDefinitions>
  <TestLists>
    <TestList name="Отсутствующие в списке результаты" id="8c84fa94-04c1-424b-9868-57a2d4851a1d" />
    <TestList name="Все загруженные результаты" id="19431567-8539-422a-85d7-44ee4e166bda" />
  </TestLists>
  <TestEntries>
    <TestEntry testId="08d46847-8e69-ad66-ddb5-929578b49797" executionId="6e8aa34b-bb1f-47f8-bda8-82d135f3ea39" testListId="8c84fa94-04c1-424b-9868-57a2d4851a1d" />
    <TestEntry testId="1fee5be1-2f7c-546a-680f-d4dfa5e5d767" executionId="0a257c2e-5c08-4879-9658-8220a4f5399a" testListId="8c84fa94-04c1-424b-9868-57a2d4851a1d" />
    <TestEntry testId="28c1eea9-3bf7-8f9f-7a38-ae3b5ed34007" executionId="42139415-fdb2-4901-80c1-323cc0a1edce" testListId="8c84fa94-04c1-424b-9868-57a2d4851a1d" />
    <TestEntry testId="4156c605-3ad6-cca1-6085-9da7c62bf26f" executionId="b630305f-9e06-4966-af58-57431f49bc3a" testListId="8c84fa94-04c1-424b-9868-57a2d4851a1d" />
    <TestEntry testId="8d2fc632-eaef-cb04-69d0-9d114f7b9b09" executionId="2310ac3e-2d7b-42e9-8b84-afc52f73dd21" testListId="8c84fa94-04c1-424b-9868-57a2d4851a1d" />
    <TestEntry testId="8e26141a-dd1d-59cc-c6a4-6771cc97c26c" executionId="cc139b4d-9773-41f5-8250-53aebd18324f" testListId="8c84fa94-04c1-424b-9868-57a2d4851a1d" />
    <TestEntry testId="8fee4861-e2f4-71ab-9f08-4e7811e2c6c7" executionId="513db99f-d5fa-4afa-a29f-424f134f6112" testListId="8c84fa94-04c1-424b-9868-57a2d4851a1d" />
    <TestEntry testId="930f276b-cfb3-b77e-6d3a-63611b46dc06" executionId="08a52812-4e33-4974-a2bd-d6bd818cf59b" testListId="8c84fa94-04c1-424b-9868-57a2d4851a1d" />
    <TestEntry testId="af90197e-d14d-f4c5-57a7-19c23ef3a831" executionId="3d19a23d-7810-438a-ac0f-ee28b88371ee" testListId="8c84fa94-04c1-424b-9868-57a2d4851a1d" />
    <TestEntry testId="b0d38483-4483-bee0-1af7-2dd2c85c2026" executionId="293bdc43-e35e-4931-ac0f-e3545aa1a60c" testListId="8c84fa94-04c1-424b-9868-57a2d4851a1d" />
    <TestEntry testId="f45d2b56-5f35-a57c-657d-0217b6393cef" executionId="663ce740-e826-4a4e-8c56-0eed581f6fbd" testListId="8c84fa94-04c1-424b-9868-57a2d4851a1d" />
  </TestEntries>
  <Results>
    <UnitTestResult executionId="6e8aa34b-bb1f-47f8-bda8-82d135f3ea39" testId="08d46847-8e69-ad66-ddb5-929578b49797" testName="TestMethod2" computerName="SAMSUNG-PC" duration="00:00:00.0466740" startTime="2018-03-23T13:54:08.3523699+03:00" endTime="2018-03-23T13:54:08.8443981+03:00" testType="13cdc9d9-ddb5-4fa4-a97d-d965ccfc6d4b" outcome="Passed" testListId="8c84fa94-04c1-424b-9868-57a2d4851a1d" relativeResultsDirectory="6e8aa34b-bb1f-47f8-bda8-82d135f3ea39">
    </UnitTestResult>
    <UnitTestResult executionId="0a257c2e-5c08-4879-9658-8220a4f5399a" testId="1fee5be1-2f7c-546a-680f-d4dfa5e5d767" testName="TestMethod8" computerName="SAMSUNG-PC" duration="00:00:00.0033960" startTime="2018-03-23T13:54:08.8553987+03:00" endTime="2018-03-23T13:54:08.8653993+03:00" testType="13cdc9d9-ddb5-4fa4-a97d-d965ccfc6d4b" outcome="Passed" testListId="8c84fa94-04c1-424b-9868-57a2d4851a1d" relativeResultsDirectory="0a257c2e-5c08-4879-9658-8220a4f5399a">
    </UnitTestResult>
    <UnitTestResult executionId="42139415-fdb2-4901-80c1-323cc0a1edce" testId="28c1eea9-3bf7-8f9f-7a38-ae3b5ed34007" testName="TestMethod1" computerName="SAMSUNG-PC" duration="00:00:00.0068575" startTime="2018-03-23T13:54:08.8743998+03:00" endTime="2018-03-23T13:54:08.9044015+03:00" testType="13cdc9d9-ddb5-4fa4-a97d-d965ccfc6d4b" outcome="Passed" testListId="8c84fa94-04c1-424b-9868-57a2d4851a1d" relativeResultsDirectory="42139415-fdb2-4901-80c1-323cc0a1edce">
    </UnitTestResult>
    <UnitTestResult executionId="b630305f-9e06-4966-af58-57431f49bc3a" testId="4156c605-3ad6-cca1-6085-9da7c62bf26f" testName="TestMethod6" computerName="SAMSUNG-PC" duration="00:00:00.0069367" startTime="2018-03-23T13:54:08.9404036+03:00" endTime="2018-03-23T13:54:08.9664051+03:00" testType="13cdc9d9-ddb5-4fa4-a97d-d965ccfc6d4b" outcome="Passed" testListId="8c84fa94-04c1-424b-9868-57a2d4851a1d" relativeResultsDirectory="b630305f-9e06-4966-af58-57431f49bc3a">
    </UnitTestResult>
    <UnitTestResult executionId="2310ac3e-2d7b-42e9-8b84-afc52f73dd21" testId="8d2fc632-eaef-cb04-69d0-9d114f7b9b09" testName="TestMethod4" computerName="SAMSUNG-PC" duration="00:00:00.0061870" startTime="2018-03-23T13:54:08.9824060+03:00" endTime="2018-03-23T13:54:08.9934066+03:00" testType="13cdc9d9-ddb5-4fa4-a97d-d965ccfc6d4b" outcome="Passed" testListId="8c84fa94-04c1-424b-9868-57a2d4851a1d" relativeResultsDirectory="2310ac3e-2d7b-42e9-8b84-afc52f73dd21">
    </UnitTestResult>
    <UnitTestResult executionId="cc139b4d-9773-41f5-8250-53aebd18324f" testId="8e26141a-dd1d-59cc-c6a4-6771cc97c26c" testName="TestMethod3" computerName="SAMSUNG-PC" duration="00:00:00.0029034" startTime="2018-03-23T13:54:09.0004070+03:00" endTime="2018-03-23T13:54:09.0074074+03:00" testType="13cdc9d9-ddb5-4fa4-a97d-d965ccfc6d4b" outcome="Passed" testListId="8c84fa94-04c1-424b-9868-57a2d4851a1d" relativeResultsDirectory="cc139b4d-9773-41f5-8250-53aebd18324f">
    </UnitTestResult>
    <UnitTestResult executionId="513db99f-d5fa-4afa-a29f-424f134f6112" testId="8fee4861-e2f4-71ab-9f08-4e7811e2c6c7" testName="TestMethod9" computerName="SAMSUNG-PC" duration="00:00:00.0308888" startTime="2018-03-23T13:54:09.0114076+03:00" endTime="2018-03-23T13:54:09.0474097+03:00" testType="13cdc9d9-ddb5-4fa4-a97d-d965ccfc6d4b" outcome="Failed" testListId="8c84fa94-04c1-424b-9868-57a2d4851a1d" relativeResultsDirectory="513db99f-d5fa-4afa-a29f-424f134f6112">
      <Output>
        <ErrorInfo>
          <Message>Ошибка в Assert.AreEqual. Ожидается: &lt;True&gt;. Фактически: &lt;False&gt;. </Message>
          <StackTrace>   в UTests.UnitTest1.TestMethod9() в D:\универ\6 семестр\твоп\3 блок\3\UTests\UnitTest1.cs:строка 74
</StackTrace>
        </ErrorInfo>
      </Output>
    </UnitTestResult>
    <UnitTestResult executionId="08a52812-4e33-4974-a2bd-d6bd818cf59b" testId="930f276b-cfb3-b77e-6d3a-63611b46dc06" testName="TestMethod11" computerName="SAMSUNG-PC" duration="00:00:00.0086897" startTime="2018-03-23T13:54:09.0514099+03:00" endTime="2018-03-23T13:54:09.0694110+03:00" testType="13cdc9d9-ddb5-4fa4-a97d-d965ccfc6d4b" outcome="Passed" testListId="8c84fa94-04c1-424b-9868-57a2d4851a1d" relativeResultsDirectory="08a52812-4e33-4974-a2bd-d6bd818cf59b">
    </UnitTestResult>
    <UnitTestResult executionId="3d19a23d-7810-438a-ac0f-ee28b88371ee" testId="af90197e-d14d-f4c5-57a7-19c23ef3a831" testName="TestMethod10" computerName="SAMSUNG-PC" duration="00:00:00.0243968" startTime="2018-03-23T13:54:09.0734112+03:00" endTime="2018-03-23T13:54:09.1014128+03:00" testType="13cdc9d9-ddb5-4fa4-a97d-d965ccfc6d4b" outcome="Failed" testListId="8c84fa94-04c1-424b-9868-57a2d4851a1d" relativeResultsDirectory="3d19a23d-7810-438a-ac0f-ee28b88371ee">
      <Output>
        <ErrorInfo>
          <Message>Ошибка в Assert.AreEqual. Ожидается: &lt;True&gt;. Фактически: &lt;False&gt;. </Message>
          <StackTrace>   в UTests.UnitTest1.TestMethod10() в D:\универ\6 семестр\твоп\3 блок\3\UTests\UnitTest1.cs:строка 80
</StackTrace>
        </ErrorInfo>
      </Output>
    </UnitTestResult>
    <UnitTestResult executionId="293bdc43-e35e-4931-ac0f-e3545aa1a60c" testId="b0d38483-4483-bee0-1af7-2dd2c85c2026" testName="TestMethod7" computerName="SAMSUNG-PC" duration="00:00:00.0030109" startTime="2018-03-23T13:54:09.1074131+03:00" endTime="2018-03-23T13:54:09.1174137+03:00" testType="13cdc9d9-ddb5-4fa4-a97d-d965ccfc6d4b" outcome="Passed" testListId="8c84fa94-04c1-424b-9868-57a2d4851a1d" relativeResultsDirectory="293bdc43-e35e-4931-ac0f-e3545aa1a60c">
    </UnitTestResult>
    <UnitTestResult executionId="663ce740-e826-4a4e-8c56-0eed581f6fbd" testId="f45d2b56-5f35-a57c-657d-0217b6393cef" testName="TestMethod5" computerName="SAMSUNG-PC" duration="00:00:00.0031834" startTime="2018-03-23T13:54:09.1224140+03:00" endTime="2018-03-23T13:54:09.1294144+03:00" testType="13cdc9d9-ddb5-4fa4-a97d-d965ccfc6d4b" outcome="Passed" testListId="8c84fa94-04c1-424b-9868-57a2d4851a1d" relativeResultsDirectory="663ce740-e826-4a4e-8c56-0eed581f6fbd">
    </UnitTestResult>
  </Results>
</TestRun>