<?xml version="1.0" encoding="UTF-8"?>
<TestRun id="eb458f62-4923-410a-8f32-994c03429aa2" name="samsung@SAMSUNG-PC 2018-03-23 13:47:51" runUser="samsung-PC\samsung" xmlns="http://microsoft.com/schemas/VisualStudio/TeamTest/2010">
  <TestSettings name="Локальные" id="636dc71c-ee14-4ea2-9d7c-f8610282730e">
    <Description>Это - параметры по умолчанию для локального тестового запуска.</Description>
    <Deployment enabled="false" runDeploymentRoot="samsung_SAMSUNG-PC 2018-03-23 13_47_51">
      <DeploymentItem filename="D:\универ\6 семестр\твоп\3 блок\3\3\bin\Debug\3.exe" />
    </Deployment>
    <Execution>
      <TestTypeSpecific />
      <AgentRule name="Execution Agents">
      </AgentRule>
    </Execution>
  </TestSettings>
  <Times creation="2018-03-23T13:47:51.6468236+03:00" queuing="2018-03-23T13:47:51.7928320+03:00" start="2018-03-23T13:47:51.8588357+03:00" finish="2018-03-23T13:47:53.1049070+03:00" />
  <ResultSummary outcome="Failed">
    <Counters total="7" executed="7" passed="3" error="0" failed="4" timeout="0" aborted="0" inconclusive="0" passedButRunAborted="0" notRunnable="0" notExecuted="0" disconnected="0" warning="0" completed="0" inProgress="0" pending="0" />
  </ResultSummary>
  <TestDefinitions>
    <UnitTest name="TestMethod4" storage="d:\универ\6 семестр\твоп\3 блок\3\utests\bin\debug\utests.dll" id="8d2fc632-eaef-cb04-69d0-9d114f7b9b09">
      <Execution id="b356eae6-cb27-4877-b4b6-220636c7624b" />
      <TestMethod codeBase="D:/универ/6 семестр/твоп/3 блок/3/UTests/bin/Debug/UTests.DLL" adapterTypeName="Microsoft.VisualStudio.TestTools.TestTypes.Unit.UnitTestAdapter, Microsoft.VisualStudio.QualityTools.Tips.UnitTest.Adapter, Version=10.0.0.0, Culture=neutral, PublicKeyToken=b03f5f7f11d50a3a" className="UTests.UnitTest1, UTests, Version=1.0.0.0, Culture=neutral, PublicKeyToken=null" name="TestMethod4" />
    </UnitTest>
    <UnitTest name="TestMethod2" storage="d:\универ\6 семестр\твоп\3 блок\3\utests\bin\debug\utests.dll" id="08d46847-8e69-ad66-ddb5-929578b49797">
      <Execution id="88cd5f48-9e19-4dfd-b17c-33889fdd76be" />
      <TestMethod codeBase="D:/универ/6 семестр/твоп/3 блок/3/UTests/bin/Debug/UTests.DLL" adapterTypeName="Microsoft.VisualStudio.TestTools.TestTypes.Unit.UnitTestAdapter, Microsoft.VisualStudio.QualityTools.Tips.UnitTest.Adapter, Version=10.0.0.0, Culture=neutral, PublicKeyToken=b03f5f7f11d50a3a" className="UTests.UnitTest1, UTests, Version=1.0.0.0, Culture=neutral, PublicKeyToken=null" name="TestMethod2" />
    </UnitTest>
    <UnitTest name="TestMethod5" storage="d:\универ\6 семестр\твоп\3 блок\3\utests\bin\debug\utests.dll" id="f45d2b56-5f35-a57c-657d-0217b6393cef">
      <Execution id="dbcff70f-a272-4ba8-a654-c8fbbb556b6a" />
      <TestMethod codeBase="D:/универ/6 семестр/твоп/3 блок/3/UTests/bin/Debug/UTests.DLL" adapterTypeName="Microsoft.VisualStudio.TestTools.TestTypes.Unit.UnitTestAdapter, Microsoft.VisualStudio.QualityTools.Tips.UnitTest.Adapter, Version=10.0.0.0, Culture=neutral, PublicKeyToken=b03f5f7f11d50a3a" className="UTests.UnitTest1, UTests, Version=1.0.0.0, Culture=neutral, PublicKeyToken=null" name="TestMethod5" />
    </UnitTest>
    <UnitTest name="TestMethod7" storage="d:\универ\6 семестр\твоп\3 блок\3\utests\bin\debug\utests.dll" id="b0d38483-4483-bee0-1af7-2dd2c85c2026">
      <Execution id="c9fe2968-5525-4aa0-b607-3361a6aee621" />
      <TestMethod codeBase="D:/универ/6 семестр/твоп/3 блок/3/UTests/bin/Debug/UTests.DLL" adapterTypeName="Microsoft.VisualStudio.TestTools.TestTypes.Unit.UnitTestAdapter, Microsoft.VisualStudio.QualityTools.Tips.UnitTest.Adapter, Version=10.0.0.0, Culture=neutral, PublicKeyToken=b03f5f7f11d50a3a" className="UTests.UnitTest1, UTests, Version=1.0.0.0, Culture=neutral, PublicKeyToken=null" name="TestMethod7" />
    </UnitTest>
    <UnitTest name="TestMethod1" storage="d:\универ\6 семестр\твоп\3 блок\3\utests\bin\debug\utests.dll" id="28c1eea9-3bf7-8f9f-7a38-ae3b5ed34007">
      <Execution id="d116dc10-0d67-4c50-9639-249270d2491f" />
      <TestMethod codeBase="D:/универ/6 семестр/твоп/3 блок/3/UTests/bin/Debug/UTests.DLL" adapterTypeName="Microsoft.VisualStudio.TestTools.TestTypes.Unit.UnitTestAdapter, Microsoft.VisualStudio.QualityTools.Tips.UnitTest.Adapter, Version=10.0.0.0, Culture=neutral, PublicKeyToken=b03f5f7f11d50a3a" className="UTests.UnitTest1, UTests, Version=1.0.0.0, Culture=neutral, PublicKeyToken=null" name="TestMethod1" />
    </UnitTest>
    <UnitTest name="TestMethod6" storage="d:\универ\6 семестр\твоп\3 блок\3\utests\bin\debug\utests.dll" id="4156c605-3ad6-cca1-6085-9da7c62bf26f">
      <Execution id="e84396ed-c7ee-4414-9c41-4d8356b8f3f2" />
      <TestMethod codeBase="D:/универ/6 семестр/твоп/3 блок/3/UTests/bin/Debug/UTests.DLL" adapterTypeName="Microsoft.VisualStudio.TestTools.TestTypes.Unit.UnitTestAdapter, Microsoft.VisualStudio.QualityTools.Tips.UnitTest.Adapter, Version=10.0.0.0, Culture=neutral, PublicKeyToken=b03f5f7f11d50a3a" className="UTests.UnitTest1, UTests, Version=1.0.0.0, Culture=neutral, PublicKeyToken=null" name="TestMethod6" />
    </UnitTest>
    <UnitTest name="TestMethod3" storage="d:\универ\6 семестр\твоп\3 блок\3\utests\bin\debug\utests.dll" id="8e26141a-dd1d-59cc-c6a4-6771cc97c26c">
      <Execution id="3838f943-2a53-4c52-906c-dbd77da47adc" />
      <TestMethod codeBase="D:/универ/6 семестр/твоп/3 блок/3/UTests/bin/Debug/UTests.DLL" adapterTypeName="Microsoft.VisualStudio.TestTools.TestTypes.Unit.UnitTestAdapter, Microsoft.VisualStudio.QualityTools.Tips.UnitTest.Adapter, Version=10.0.0.0, Culture=neutral, PublicKeyToken=b03f5f7f11d50a3a" className="UTests.UnitTest1, UTests, Version=1.0.0.0, Culture=neutral, PublicKeyToken=null" name="TestMethod3" />
    </UnitTest>
  </TestDefinitions>
  <TestLists>
    <TestList name="Отсутствующие в списке результаты" id="8c84fa94-04c1-424b-9868-57a2d4851a1d" />
    <TestList name="Все загруженные результаты" id="19431567-8539-422a-85d7-44ee4e166bda" />
  </TestLists>
  <TestEntries>
    <TestEntry testId="08d46847-8e69-ad66-ddb5-929578b49797" executionId="88cd5f48-9e19-4dfd-b17c-33889fdd76be" testListId="8c84fa94-04c1-424b-9868-57a2d4851a1d" />
    <TestEntry testId="28c1eea9-3bf7-8f9f-7a38-ae3b5ed34007" executionId="d116dc10-0d67-4c50-9639-249270d2491f" testListId="8c84fa94-04c1-424b-9868-57a2d4851a1d" />
    <TestEntry testId="4156c605-3ad6-cca1-6085-9da7c62bf26f" executionId="e84396ed-c7ee-4414-9c41-4d8356b8f3f2" testListId="8c84fa94-04c1-424b-9868-57a2d4851a1d" />
    <TestEntry testId="8d2fc632-eaef-cb04-69d0-9d114f7b9b09" executionId="b356eae6-cb27-4877-b4b6-220636c7624b" testListId="8c84fa94-04c1-424b-9868-57a2d4851a1d" />
    <TestEntry testId="8e26141a-dd1d-59cc-c6a4-6771cc97c26c" executionId="3838f943-2a53-4c52-906c-dbd77da47adc" testListId="8c84fa94-04c1-424b-9868-57a2d4851a1d" />
    <TestEntry testId="b0d38483-4483-bee0-1af7-2dd2c85c2026" executionId="c9fe2968-5525-4aa0-b607-3361a6aee621" testListId="8c84fa94-04c1-424b-9868-57a2d4851a1d" />
    <TestEntry testId="f45d2b56-5f35-a57c-657d-0217b6393cef" executionId="dbcff70f-a272-4ba8-a654-c8fbbb556b6a" testListId="8c84fa94-04c1-424b-9868-57a2d4851a1d" />
  </TestEntries>
  <Results>
    <UnitTestResult executionId="88cd5f48-9e19-4dfd-b17c-33889fdd76be" testId="08d46847-8e69-ad66-ddb5-929578b49797" testName="TestMethod2" computerName="SAMSUNG-PC" duration="00:00:00.1138763" startTime="2018-03-23T13:47:51.8888375+03:00" endTime="2018-03-23T13:47:52.7638875+03:00" testType="13cdc9d9-ddb5-4fa4-a97d-d965ccfc6d4b" outcome="Failed" testListId="8c84fa94-04c1-424b-9868-57a2d4851a1d" relativeResultsDirectory="88cd5f48-9e19-4dfd-b17c-33889fdd76be">
      <Output>
        <ErrorInfo>
          <Message>Ошибка в Assert.AreEqual. Ожидается: &lt;True&gt;. Фактически: &lt;False&gt;. </Message>
          <StackTrace>   в UTests.UnitTest1.TestMethod2() в D:\универ\6 семестр\твоп\3 блок\3\UTests\UnitTest1.cs:строка 32
</StackTrace>
        </ErrorInfo>
      </Output>
    </UnitTestResult>
    <UnitTestResult executionId="d116dc10-0d67-4c50-9639-249270d2491f" testId="28c1eea9-3bf7-8f9f-7a38-ae3b5ed34007" testName="TestMethod1" computerName="SAMSUNG-PC" duration="00:00:00.0045112" startTime="2018-03-23T13:47:52.8408919+03:00" endTime="2018-03-23T13:47:52.8548927+03:00" testType="13cdc9d9-ddb5-4fa4-a97d-d965ccfc6d4b" outcome="Passed" testListId="8c84fa94-04c1-424b-9868-57a2d4851a1d" relativeResultsDirectory="d116dc10-0d67-4c50-9639-249270d2491f">
    </UnitTestResult>
    <UnitTestResult executionId="e84396ed-c7ee-4414-9c41-4d8356b8f3f2" testId="4156c605-3ad6-cca1-6085-9da7c62bf26f" testName="TestMethod6" computerName="SAMSUNG-PC" duration="00:00:00.0041115" startTime="2018-03-23T13:47:52.8638932+03:00" endTime="2018-03-23T13:47:52.8738938+03:00" testType="13cdc9d9-ddb5-4fa4-a97d-d965ccfc6d4b" outcome="Passed" testListId="8c84fa94-04c1-424b-9868-57a2d4851a1d" relativeResultsDirectory="e84396ed-c7ee-4414-9c41-4d8356b8f3f2">
    </UnitTestResult>
    <UnitTestResult executionId="b356eae6-cb27-4877-b4b6-220636c7624b" testId="8d2fc632-eaef-cb04-69d0-9d114f7b9b09" testName="TestMethod4" computerName="SAMSUNG-PC" duration="00:00:00.0038099" startTime="2018-03-23T13:47:52.8808942+03:00" endTime="2018-03-23T13:47:52.8888947+03:00" testType="13cdc9d9-ddb5-4fa4-a97d-d965ccfc6d4b" outcome="Passed" testListId="8c84fa94-04c1-424b-9868-57a2d4851a1d" relativeResultsDirectory="b356eae6-cb27-4877-b4b6-220636c7624b">
    </UnitTestResult>
    <UnitTestResult executionId="3838f943-2a53-4c52-906c-dbd77da47adc" testId="8e26141a-dd1d-59cc-c6a4-6771cc97c26c" testName="TestMethod3" computerName="SAMSUNG-PC" duration="00:00:00.0080544" startTime="2018-03-23T13:47:52.8948950+03:00" endTime="2018-03-23T13:47:52.9068957+03:00" testType="13cdc9d9-ddb5-4fa4-a97d-d965ccfc6d4b" outcome="Failed" testListId="8c84fa94-04c1-424b-9868-57a2d4851a1d" relativeResultsDirectory="3838f943-2a53-4c52-906c-dbd77da47adc">
      <Output>
        <ErrorInfo>
          <Message>Ошибка в Assert.AreEqual. Ожидается: &lt;True&gt;. Фактически: &lt;False&gt;. </Message>
          <StackTrace>   в UTests.UnitTest1.TestMethod3() в D:\универ\6 семестр\твоп\3 блок\3\UTests\UnitTest1.cs:строка 38
</StackTrace>
        </ErrorInfo>
      </Output>
    </UnitTestResult>
    <UnitTestResult executionId="c9fe2968-5525-4aa0-b607-3361a6aee621" testId="b0d38483-4483-bee0-1af7-2dd2c85c2026" testName="TestMethod7" computerName="SAMSUNG-PC" duration="00:00:00.0084468" startTime="2018-03-23T13:47:52.9168963+03:00" endTime="2018-03-23T13:47:52.9298970+03:00" testType="13cdc9d9-ddb5-4fa4-a97d-d965ccfc6d4b" outcome="Failed" testListId="8c84fa94-04c1-424b-9868-57a2d4851a1d" relativeResultsDirectory="c9fe2968-5525-4aa0-b607-3361a6aee621">
      <Output>
        <ErrorInfo>
          <Message>Ошибка в Assert.AreEqual. Ожидается: &lt;True&gt;. Фактически: &lt;False&gt;. </Message>
          <StackTrace>   в UTests.UnitTest1.TestMethod7() в D:\универ\6 семестр\твоп\3 блок\3\UTests\UnitTest1.cs:строка 62
</StackTrace>
        </ErrorInfo>
      </Output>
    </UnitTestResult>
    <UnitTestResult executionId="dbcff70f-a272-4ba8-a654-c8fbbb556b6a" testId="f45d2b56-5f35-a57c-657d-0217b6393cef" testName="TestMethod5" computerName="SAMSUNG-PC" duration="00:00:00.0076370" startTime="2018-03-23T13:47:52.9448979+03:00" endTime="2018-03-23T13:47:52.9578986+03:00" testType="13cdc9d9-ddb5-4fa4-a97d-d965ccfc6d4b" outcome="Failed" testListId="8c84fa94-04c1-424b-9868-57a2d4851a1d" relativeResultsDirectory="dbcff70f-a272-4ba8-a654-c8fbbb556b6a">
      <Output>
        <ErrorInfo>
          <Message>Ошибка в Assert.AreEqual. Ожидается: &lt;True&gt;. Фактически: &lt;False&gt;. </Message>
          <StackTrace>   в UTests.UnitTest1.TestMethod5() в D:\универ\6 семестр\твоп\3 блок\3\UTests\UnitTest1.cs:строка 50
</StackTrace>
        </ErrorInfo>
      </Output>
    </UnitTestResult>
  </Results>
</TestRun>